2022-07-10 00:45:00.116908 (INFO)     | == Upload on file 'massa' (START) ==
2022-07-10 00:45:00.160445 (INFO)     | The file 'massa' was validated and is being considered a valid file for uploading.
2022-07-10 00:48:12.580202 (INFO)     | == Upload on file 'massa' (START) ==
2022-07-10 00:48:12.622960 (INFO)     | The file 'massa' was validated and is being considered a valid file for uploading.
2022-07-10 00:48:12.628805 (WARNING)  | The value '' is invalid for argument 'pressure'. Using default value 'None'.
2022-07-10 00:48:12.631124 (WARNING)  | The value '' is invalid for argument 'attitude'. Using default value 'None'.
2022-07-10 00:48:12.636021 (WARNING)  | The value '' is invalid for argument 'email'. Using default value 'None'.
2022-07-10 00:48:12.640744 (WARNING)  | The value '' is invalid for argument 'access'. Using default value 'X'.
2022-07-10 00:49:28.337338 (INFO)     | == Upload on file 'massa' (START) ==
2022-07-10 00:49:28.375629 (INFO)     | The file 'massa' was validated and is being considered a valid file for uploading.
2022-07-10 00:49:28.381026 (WARNING)  | The value '' is invalid for argument 'pressure'. Using default value 'None'.
2022-07-10 00:49:28.383339 (WARNING)  | The value '' is invalid for argument 'attitude'. Using default value 'None'.
2022-07-10 00:49:28.387672 (WARNING)  | The value '' is invalid for argument 'email'. Using default value 'None'.
2022-07-10 00:49:28.391843 (WARNING)  | The value '' is invalid for argument 'access'. Using default value 'X'.
2022-07-10 00:49:28.396277 (WARNING)  | The value '' is invalid for argument 'generate_quaternions'. Using default value 'False'.
2022-07-10 00:49:36.617609 (INFO)     | Successfully uploaded file 'massa' to APPS.
2022-07-10 00:49:36.624522 (INFO)     | Successfully added file 'in/to_upload_regular/massa' to the apps ID queue.
2022-07-10 00:49:36.628402 (INFO)     | == Upload on file 'massa' (END) ==
2022-07-10 00:51:26.968517 (INFO)     | == Upload on file 'massa' (START) ==
2022-07-10 00:51:27.014133 (INFO)     | The file 'massa' was validated and is being considered a valid file for uploading.
2022-07-10 00:51:27.019830 (WARNING)  | The value '' is invalid for argument 'pressure'. Using default value 'None'.
2022-07-10 00:51:27.022045 (WARNING)  | The value '' is invalid for argument 'attitude'. Using default value 'None'.
2022-07-10 00:51:27.026578 (WARNING)  | The value '' is invalid for argument 'email'. Using default value 'None'.
2022-07-10 00:51:27.030991 (WARNING)  | The value '' is invalid for argument 'access'. Using default value 'X'.
2022-07-10 00:51:27.036219 (WARNING)  | The value '' is invalid for argument 'generate_quaternions'. Using default value 'False'.
2022-07-10 00:51:34.831518 (INFO)     | Successfully uploaded file 'massa' to APPS.
2022-07-10 00:51:34.838112 (INFO)     | Successfully added file 'in/to_upload_regular/massa' to the apps ID queue.
2022-07-10 00:51:34.842719 (INFO)     | == Upload on file 'massa' (END) ==
2022-07-10 00:53:32.771713 (INFO)     | == Upload on file 'massa' (START) ==
2022-07-10 00:53:32.821337 (INFO)     | The file 'massa' was validated and is being considered a valid file for uploading.
2022-07-10 00:53:32.827899 (WARNING)  | The value '' is invalid for argument 'pressure'. Using default value 'None'.
2022-07-10 00:53:32.830825 (WARNING)  | The value '' is invalid for argument 'attitude'. Using default value 'None'.
2022-07-10 00:53:32.836753 (WARNING)  | The value '' is invalid for argument 'email'. Using default value 'None'.
2022-07-10 00:53:32.841681 (WARNING)  | The value '' is invalid for argument 'access'. Using default value 'X'.
2022-07-10 00:53:32.846770 (WARNING)  | The value '' is invalid for argument 'generate_quaternions'. Using default value 'False'.
2022-07-10 00:53:40.799967 (INFO)     | Successfully uploaded file 'massa' to APPS.
2022-07-10 00:53:40.807291 (INFO)     | Successfully added file 'in/to_upload_regular/massa' to the apps ID queue.
2022-07-10 00:53:40.811803 (INFO)     | == Upload on file 'massa' (END) ==
2022-07-10 00:53:40.824099 (INFO)     | = Gathering data on uuid '5b9fe3e6-ffe2-11ec-9e10-e0db5501adf2' (START) =
2022-07-10 00:53:44.119521 (INFO)     | = Gathering data on uuid '5b9fe3e6-ffe2-11ec-9e10-e0db5501adf2' (END) =
Establishing client interface to https://pppx.gdgps.net//api/user
