2022-07-05 23:40:33.774644 (INFO)     | == Upload on file 'rr1' (START) ==
2022-07-05 23:40:33.815552 (INFO)     | The file 'rr1' was validated and is being considered a valid file for uploading.
2022-07-05 23:40:42.612926 (INFO)     | Successfully uploaded file 'rr1' to APPS.
2022-07-05 23:40:42.619898 (INFO)     | Successfully added file 'in/to_upload_regular/rr1' to the apps ID queue.
2022-07-05 23:40:42.625807 (INFO)     | == Upload on file 'rr1' (END) ==
2022-07-05 23:42:04.398879 (INFO)     | == Upload on file 'rr1' (START) ==
2022-07-05 23:42:04.437307 (INFO)     | The file 'rr1' was validated and is being considered a valid file for uploading.
2022-07-05 23:42:12.459075 (INFO)     | Successfully uploaded file 'rr1' to APPS.
2022-07-05 23:42:12.464607 (INFO)     | Successfully added file 'in/to_upload_regular/rr1' to the apps ID queue.
2022-07-05 23:42:12.468197 (INFO)     | == Upload on file 'rr1' (END) ==
2022-07-05 23:43:05.789406 (INFO)     | == Upload on file 'rr1' (START) ==
2022-07-05 23:43:05.831097 (INFO)     | The file 'rr1' was validated and is being considered a valid file for uploading.
2022-07-05 23:43:13.850242 (INFO)     | Successfully uploaded file 'rr1' to APPS.
2022-07-05 23:43:13.857166 (INFO)     | Successfully added file 'in/to_upload_regular/rr1' to the apps ID queue.
2022-07-05 23:43:13.862373 (INFO)     | == Upload on file 'rr1' (END) ==
2022-07-05 23:44:24.371476 (INFO)     | == Upload on file 'rr1' (START) ==
2022-07-05 23:44:24.447377 (INFO)     | The file 'rr1' was validated and is being considered a valid file for uploading.
2022-07-05 23:44:37.664831 (INFO)     | Successfully uploaded file 'rr1' to APPS.
2022-07-05 23:44:37.673959 (INFO)     | Successfully added file 'in/to_upload_regular/rr1' to the apps ID queue.
2022-07-05 23:44:37.679261 (INFO)     | == Upload on file 'rr1' (END) ==
2022-07-07 02:47:53.050862 (INFO)     | == Upload on file 'up1' (START) ==
2022-07-07 02:47:53.100016 (INFO)     | The file 'up1' was validated and is being considered a valid file for uploading.
2022-07-07 02:48:02.968943 (INFO)     | Successfully uploaded file 'up1' to APPS.
2022-07-07 02:48:02.976204 (INFO)     | Successfully added file 'in/to_upload_regular/up1' to the apps ID queue.
2022-07-07 02:48:02.980782 (INFO)     | == Upload on file 'up1' (END) ==
2022-07-07 02:50:16.105380 (INFO)     | == Upload on file 'up1' (START) ==
2022-07-07 02:50:16.140049 (INFO)     | The file 'up1' was validated and is being considered a valid file for uploading.
2022-07-07 02:50:23.866648 (INFO)     | Successfully uploaded file 'up1' to APPS.
2022-07-07 02:50:23.872411 (INFO)     | Successfully added file 'in/to_upload_regular/up1' to the apps ID queue.
2022-07-07 02:50:23.876179 (INFO)     | == Upload on file 'up1' (END) ==
2022-07-07 02:52:01.306801 (INFO)     | == Upload on file 'up1' (START) ==
2022-07-07 02:52:01.352431 (INFO)     | The file 'up1' was validated and is being considered a valid file for uploading.
2022-07-07 02:52:09.016993 (INFO)     | Successfully uploaded file 'up1' to APPS.
2022-07-07 02:52:09.023979 (INFO)     | Successfully added file 'in/to_upload_regular/up1' to the apps ID queue.
2022-07-07 02:52:09.028024 (INFO)     | == Upload on file 'up1' (END) ==
2022-07-07 03:14:00.354607 (INFO)     | == Upload on file 'anUpload' (START) ==
2022-07-07 03:14:00.397666 (INFO)     | The file 'anUpload' was validated and is being considered a valid file for uploading.
2022-07-07 03:14:08.170497 (INFO)     | Successfully uploaded file 'anUpload' to APPS.
2022-07-07 03:14:08.178344 (INFO)     | Successfully added file 'in/to_upload_regular/anUpload' to the apps ID queue.
2022-07-07 03:14:08.183731 (INFO)     | == Upload on file 'anUpload' (END) ==
2022-07-07 03:14:08.196248 (INFO)     | = Gathering data on uuid '7bd23f1e-fd9a-11ec-92fe-e0db5501adf2' (START) =
2022-07-07 03:14:11.628708 (INFO)     | = Gathering data on uuid '7bd23f1e-fd9a-11ec-92fe-e0db5501adf2' (END) =
2022-07-07 03:15:00.992948 (INFO)     | == Upload on file 'aSecondUpload' (START) ==
2022-07-07 03:15:01.042582 (INFO)     | The file 'aSecondUpload' was validated and is being considered a valid file for uploading.
2022-07-07 03:15:10.518260 (INFO)     | Successfully uploaded file 'aSecondUpload' to APPS.
2022-07-07 03:15:10.525289 (INFO)     | Successfully added file 'in/to_upload_regular/aSecondUpload' to the apps ID queue.
2022-07-07 03:15:10.530125 (INFO)     | == Upload on file 'aSecondUpload' (END) ==
2022-07-07 03:15:10.542684 (INFO)     | = Gathering data on uuid 'a0faafb0-fd9a-11ec-a201-e0db5501adf2' (START) =
2022-07-07 03:15:13.856867 (INFO)     | = Gathering data on uuid 'a0faafb0-fd9a-11ec-a201-e0db5501adf2' (END) =
2022-07-07 03:16:11.478914 (INFO)     | == Upload on file 'anUpload' (START) ==
2022-07-07 03:16:11.552557 (INFO)     | The file 'anUpload' was validated and is being considered a valid file for uploading.
2022-07-07 03:16:24.346116 (INFO)     | Successfully uploaded file 'anUpload' to APPS.
2022-07-07 03:16:24.354339 (INFO)     | Successfully added file 'in/to_upload_regular/anUpload' to the apps ID queue.
2022-07-07 03:16:24.359986 (INFO)     | == Upload on file 'anUpload' (END) ==
2022-07-07 03:16:24.374583 (INFO)     | = Gathering data on uuid 'ccfcd9a8-fd9a-11ec-86bf-e0db5501adf2' (START) =
2022-07-07 03:16:27.778968 (INFO)     | = Gathering data on uuid 'ccfcd9a8-fd9a-11ec-86bf-e0db5501adf2' (END) =
2022-07-07 16:16:32.078471 (INFO)     | == Upload on file 'testUpload' (START) ==
2022-07-07 16:16:32.123116 (INFO)     | The file 'testUpload' was validated and is being considered a valid file for uploading.
2022-07-07 16:16:41.581347 (INFO)     | Successfully uploaded file 'testUpload' to APPS.
2022-07-07 16:16:41.589737 (INFO)     | Successfully added file 'in/to_upload_regular/testUpload' to the apps ID queue.
2022-07-07 16:16:41.595178 (INFO)     | == Upload on file 'testUpload' (END) ==
2022-07-07 16:16:41.608919 (INFO)     | = Gathering data on uuid 'ce3872c4-fe07-11ec-8d6a-e0db5501adf2' (START) =
2022-07-07 16:16:44.944855 (INFO)     | = Gathering data on uuid 'ce3872c4-fe07-11ec-8d6a-e0db5501adf2' (END) =
2022-07-07 16:20:03.470798 (INFO)     | == Upload on file 'testUpload' (START) ==
2022-07-07 16:20:03.526211 (INFO)     | The file 'testUpload' was validated and is being considered a valid file for uploading.
2022-07-07 16:20:13.639557 (INFO)     | Successfully uploaded file 'testUpload' to APPS.
2022-07-07 16:20:13.647236 (INFO)     | Successfully added file 'in/to_upload_regular/testUpload' to the apps ID queue.
2022-07-07 16:20:13.652463 (INFO)     | == Upload on file 'testUpload' (END) ==
2022-07-07 16:20:13.671814 (INFO)     | = Gathering data on uuid '4c9df170-fe08-11ec-92fe-e0db5501adf2' (START) =
2022-07-07 16:20:17.026347 (INFO)     | = Gathering data on uuid '4c9df170-fe08-11ec-92fe-e0db5501adf2' (END) =
2022-07-09 18:25:04.602297 (INFO)     | == Upload on file 'arroz' (START) ==
2022-07-09 18:25:04.648073 (INFO)     | The file 'arroz' was validated and is being considered a valid file for uploading.
2022-07-09 18:25:12.593321 (INFO)     | Successfully uploaded file 'arroz' to APPS.
2022-07-09 18:25:12.600590 (INFO)     | Successfully added file 'in/to_upload_regular/arroz' to the apps ID queue.
2022-07-09 18:25:12.604977 (INFO)     | == Upload on file 'arroz' (END) ==
2022-07-09 18:25:12.618660 (INFO)     | = Gathering data on uuid '16da2af4-ffac-11ec-a0ef-e0db5501adf2' (START) =
2022-07-09 18:25:15.980540 (INFO)     | = Gathering data on uuid '16da2af4-ffac-11ec-a0ef-e0db5501adf2' (END) =
